2026-01-07 14:38:14.759175: I external/local_xla/xla/tsl/cuda/cudart_stub.cc:32] Could not find cuda drivers on your machine, GPU will not be used.
2026-01-07 14:38:15.985926: I external/local_xla/xla/tsl/cuda/cudart_stub.cc:32] Could not find cuda drivers on your machine, GPU will not be used.
2026-01-07 14:38:16.655472: E external/local_xla/xla/stream_executor/cuda/cuda_fft.cc:485] Unable to register cuFFT factory: Attempting to register factory for plugin cuFFT when one has already been registered
2026-01-07 14:38:17.274062: E external/local_xla/xla/stream_executor/cuda/cuda_dnn.cc:8454] Unable to register cuDNN factory: Attempting to register factory for plugin cuDNN when one has already been registered
2026-01-07 14:38:17.497219: E external/local_xla/xla/stream_executor/cuda/cuda_blas.cc:1452] Unable to register cuBLAS factory: Attempting to register factory for plugin cuBLAS when one has already been registered
2026-01-07 14:38:19.181638: I tensorflow/core/platform/cpu_feature_guard.cc:210] This TensorFlow binary is optimized to use available CPU instructions in performance-critical operations.
To enable the following instructions: AVX2 FMA, in other operations, rebuild TensorFlow with the appropriate compiler flags.
2026-01-07 14:38:30.697686: W tensorflow/compiler/tf2tensorrt/utils/py_utils.cc:38] TF-TRT Warning: Could not find TensorRT

Processing '/home/can/Datasets/jena_climate.csv' dataset with LSTM layer type, 32 units per layer, 25 epochs, and 16 batch size as 'jena_climate.keras' in the script directory.

Found 420451 samples and 15 data in each sample.
Raw data shape : ((420451, 14))
Target shape   : ((420451,))

Splitted the raw data into train (210225 samples), validation (105112 samples) and test (105114 samples) groups.

Model: "functional_1"
┏━━━━━━━━━━━━━━━━━━━━━━━━━━━━━━━━━┳━━━━━━━━━━━━━━━━━━━━━━━━┳━━━━━━━━━━━━━━━┓
┃ Layer (type)                    ┃ Output Shape           ┃       Param # ┃
┡━━━━━━━━━━━━━━━━━━━━━━━━━━━━━━━━━╇━━━━━━━━━━━━━━━━━━━━━━━━╇━━━━━━━━━━━━━━━┩
│ input_layer (InputLayer)        │ (None, 120, 14)        │             0 │
├─────────────────────────────────┼────────────────────────┼───────────────┤
│ lstm (LSTM)                     │ (None, 120, 32)        │         6,016 │
├─────────────────────────────────┼────────────────────────┼───────────────┤
│ lstm_1 (LSTM)                   │ (None, 32)             │         8,320 │
├─────────────────────────────────┼────────────────────────┼───────────────┤
│ dropout (Dropout)               │ (None, 32)             │             0 │
├─────────────────────────────────┼────────────────────────┼───────────────┤
│ dense (Dense)                   │ (None, 1)              │            33 │
└─────────────────────────────────┴────────────────────────┴───────────────┘
 Total params: 14,369 (56.13 KB)
 Trainable params: 14,369 (56.13 KB)
 Non-trainable params: 0 (0.00 B)

Fitting the model with common datasets:

Epoch 1/25
2026-01-07 14:38:47.942460: W external/local_tsl/tsl/framework/cpu_allocator_impl.cc:83] Allocation of 23545200 exceeds 10% of free system memory.
819/819 - 524s - 640ms/step - loss: 22.3415 - mae: 3.4612 - val_loss: 9.3718 - val_mae: 2.3771
Epoch 2/25
819/819 - 403s - 492ms/step - loss: 11.0679 - mae: 2.5997 - val_loss: 9.8110 - val_mae: 2.4202
Epoch 3/25
